2024-09-20T10:48:53.302006+0300 DEBUG 12_Create_Vector_Db_Confluence............
2024-09-20T10:49:32.323333+0300 DEBUG 12_Create_Vector_Db_Confluence............
2024-09-20T10:50:16.801511+0300 DEBUG 12_Create_Vector_Db_Confluence............
2024-09-20T10:50:16.955651+0300 DEBUG 10000
2024-09-20T10:50:50.293357+0300 DEBUG 12_Create_Vector_Db_Confluence............
2024-09-20T10:50:50.446416+0300 DEBUG 10000
2024-09-20T10:50:50.447417+0300 DEBUG 10000
2024-09-20T10:51:16.186122+0300 DEBUG 12_Create_Vector_Db_Confluence............
2024-09-20T10:51:16.341815+0300 DEBUG 10000
2024-09-20T10:51:16.343092+0300 DEBUG 10000
2024-09-20T10:51:16.343092+0300 DEBUG split_documents............
2024-09-20T10:51:16.801512+0300 DEBUG <class 'list'>
2024-09-20T10:51:16.801512+0300 DEBUG 10000
2024-09-20T10:51:16.801512+0300 DEBUG {'title': 'Moon Flight System Documentation', 'id': '282083998', 'source': 'https://moonflightsystem.com/docs/282083998'}
2024-09-20T10:51:16.801512+0300 DEBUG split_documents elapsed_time = 0.4584200382232666 sec
2024-09-20T10:52:20.801570+0300 DEBUG 12_Create_Vector_Db_Confluence............
2024-09-20T10:52:20.953709+0300 DEBUG 10000
2024-09-20T10:52:20.953709+0300 DEBUG 10000
2024-09-20T10:52:20.953709+0300 DEBUG split_documents............
2024-09-20T10:52:21.426750+0300 DEBUG <class 'list'>
2024-09-20T10:52:21.427750+0300 DEBUG 10000
2024-09-20T10:52:21.427750+0300 DEBUG {'title': 'Moon Flight System Documentation', 'id': '282083998', 'source': 'https://moonflightsystem.com/docs/282083998'}
2024-09-20T10:52:21.427750+0300 DEBUG split_documents elapsed_time = 0.4730403423309326 sec
2024-09-20T10:52:21.427750+0300 DEBUG create_db............
2024-09-20T10:53:08.741208+0300 DEBUG create_db elapsed_time = 47.31345772743225 sec
