2024-09-20T15:48:00.034792+0300 DEBUG 22_RAG_Confluence............
2024-09-20T15:48:00.034792+0300 DEBUG get_message_content_ensemble............
2024-09-20T15:48:00.034792+0300 DEBUG topic=How to install Moon Flight System? Give me the main details.
2024-09-20T15:48:01.728421+0300 DEBUG message_content=
#### 1 Relevant chunk ####
{'title': 'API Reference', 'id': '282087173', 'source': 'https://moonflightsystem.com/docs/282087173'}
The system requirements for Moon Flight System release 2024.1 are described as
follows: requires a quad-core processor, 16GB RAM, 250GB SSD, and Internet
connectivity.  
#### 2 Relevant chunk ####
{'source': './Dataset/moon_flight_system_data_10k.json'}
"page_content": "Installation Instructions: Unzip the MFS-2024.1.zip file, run
the installer script with sudo privileges. Follow the prompts to complete the
installation process." }, { "metadata": { "title": "Moon Flight System
Documentation", "id": "282093724", "source":
"https://moonflightsystem.com/docs/282093724" },  
#### 3 Relevant chunk ####
{'source': './Dataset/moon_flight_system_data_10k.json'}
"page_content": "Installation Instructions: Unzip the MFS-2024.1.zip file, run
the installer script with sudo privileges. Follow the prompts to complete the
installation process." }, { "metadata": { "title": "Moon Flight System
Documentation", "id": "282093790", "source":
"https://moonflightsystem.com/docs/282093790" },  
#### 4 Relevant chunk ####
{'source': './Dataset/moon_flight_system_data_10k.json'}
"page_content": "Installation Instructions: Unzip the MFS-2024.1.zip file, run
the installer script with sudo privileges. Follow the prompts to complete the
installation process." }, { "metadata": { "title": "Moon Flight System
Documentation", "id": "282089173", "source":
"https://moonflightsystem.com/docs/282089173" },  
#### 5 Relevant chunk ####
{'source': './Dataset/moon_flight_system_data_10k.json'}
"page_content": "Installation Instructions: Unzip the MFS-2024.1.zip file, run
the installer script with sudo privileges. Follow the prompts to complete the
installation process." }, { "metadata": { "title": "Moon Flight System
Documentation", "id": "282084069", "source":
"https://moonflightsystem.com/docs/282084069" },  
#### 6 Relevant chunk ####
{'source': './Dataset/moon_flight_system_data_10k.json'}
"page_content": "Installation Instructions: Unzip the MFS-2024.1.zip file, run
the installer script with sudo privileges. Follow the prompts to complete the
installation process." }, { "metadata": { "title": "Moon Flight System
Documentation", "id": "282084812", "source":
"https://moonflightsystem.com/docs/282084812" },  
#### 7 Relevant chunk ####
{'source': './Dataset/moon_flight_system_data_10k.json'}
"page_content": "Installation Instructions: Unzip the MFS-2024.1.zip file, run
the installer script with sudo privileges. Follow the prompts to complete the
installation process." }, { "metadata": { "title": "Moon Flight System
Documentation", "id": "282087980", "source":
"https://moonflightsystem.com/docs/282087980" },  
#### 8 Relevant chunk ####
{'source': './Dataset/moon_flight_system_data_10k.json'}
"page_content": "Installation Instructions: Unzip the MFS-2024.1.zip file, run
the installer script with sudo privileges. Follow the prompts to complete the
installation process." }, { "metadata": { "title": "Moon Flight System
Documentation", "id": "282089168", "source":
"https://moonflightsystem.com/docs/282089168" },  
#### 9 Relevant chunk ####
{'source': './Dataset/moon_flight_system_data_10k.json'}
"page_content": "Installation Instructions: Unzip the MFS-2024.1.zip file, run
the installer script with sudo privileges. Follow the prompts to complete the
installation process." }, { "metadata": { "title": "Moon Flight System
Documentation", "id": "282093135", "source":
"https://moonflightsystem.com/docs/282093135" },  
#### 10 Relevant chunk ####
{'source': './Dataset/moon_flight_system_data_10k.json'}
"page_content": "Installation Instructions: Unzip the MFS-2024.1.zip file, run
the installer script with sudo privileges. Follow the prompts to complete the
installation process." }, { "metadata": { "title": "Moon Flight System
Documentation", "id": "282089160", "source":
"https://moonflightsystem.com/docs/282089160" },  
#### 11 Relevant chunk ####
{'source': './Dataset/moon_flight_system_data_10k.json'}
"page_content": "Installation Instructions: Unzip the MFS-2024.1.zip file, run
the installer script with sudo privileges. Follow the prompts to complete the
installation process." }, { "metadata": { "title": "Moon Flight System
Documentation", "id": "282093588", "source":
"https://moonflightsystem.com/docs/282093588" },

2024-09-20T15:48:01.729482+0300 DEBUG get_message_content_ensemble elapsed_time = 1.6946899890899658 sec
2024-09-20T15:48:01.742124+0300 DEBUG sgpt_request............
2024-09-20T15:48:01.742124+0300 DEBUG user_content=How to install Moon Flight System? Give me the main details.. The data is here: 
#### 1 Relevant chunk ####
{'title': 'API Reference', 'id': '282087173', 'source': 'https://moonflightsystem.com/docs/282087173'}
The system requirements for Moon Flight System release 2024.1 are described as
follows: requires a quad-core processor, 16GB RAM, 250GB SSD, and Internet
connectivity.  
#### 2 Relevant chunk ####
{'source': './Dataset/moon_flight_system_data_10k.json'}
"page_content": "Installation Instructions: Unzip the MFS-2024.1.zip file, run
the installer script with sudo privileges. Follow the prompts to complete the
installation process." }, { "metadata": { "title": "Moon Flight System
Documentation", "id": "282093724", "source":
"https://moonflightsystem.com/docs/282093724" },  
#### 3 Relevant chunk ####
{'source': './Dataset/moon_flight_system_data_10k.json'}
"page_content": "Installation Instructions: Unzip the MFS-2024.1.zip file, run
the installer script with sudo privileges. Follow the prompts to complete the
installation process." }, { "metadata": { "title": "Moon Flight System
Documentation", "id": "282093790", "source":
"https://moonflightsystem.com/docs/282093790" },  
#### 4 Relevant chunk ####
{'source': './Dataset/moon_flight_system_data_10k.json'}
"page_content": "Installation Instructions: Unzip the MFS-2024.1.zip file, run
the installer script with sudo privileges. Follow the prompts to complete the
installation process." }, { "metadata": { "title": "Moon Flight System
Documentation", "id": "282089173", "source":
"https://moonflightsystem.com/docs/282089173" },  
#### 5 Relevant chunk ####
{'source': './Dataset/moon_flight_system_data_10k.json'}
"page_content": "Installation Instructions: Unzip the MFS-2024.1.zip file, run
the installer script with sudo privileges. Follow the prompts to complete the
installation process." }, { "metadata": { "title": "Moon Flight System
Documentation", "id": "282084069", "source":
"https://moonflightsystem.com/docs/282084069" },  
#### 6 Relevant chunk ####
{'source': './Dataset/moon_flight_system_data_10k.json'}
"page_content": "Installation Instructions: Unzip the MFS-2024.1.zip file, run
the installer script with sudo privileges. Follow the prompts to complete the
installation process." }, { "metadata": { "title": "Moon Flight System
Documentation", "id": "282084812", "source":
"https://moonflightsystem.com/docs/282084812" },  
#### 7 Relevant chunk ####
{'source': './Dataset/moon_flight_system_data_10k.json'}
"page_content": "Installation Instructions: Unzip the MFS-2024.1.zip file, run
the installer script with sudo privileges. Follow the prompts to complete the
installation process." }, { "metadata": { "title": "Moon Flight System
Documentation", "id": "282087980", "source":
"https://moonflightsystem.com/docs/282087980" },  
#### 8 Relevant chunk ####
{'source': './Dataset/moon_flight_system_data_10k.json'}
"page_content": "Installation Instructions: Unzip the MFS-2024.1.zip file, run
the installer script with sudo privileges. Follow the prompts to complete the
installation process." }, { "metadata": { "title": "Moon Flight System
Documentation", "id": "282089168", "source":
"https://moonflightsystem.com/docs/282089168" },  
#### 9 Relevant chunk ####
{'source': './Dataset/moon_flight_system_data_10k.json'}
"page_content": "Installation Instructions: Unzip the MFS-2024.1.zip file, run
the installer script with sudo privileges. Follow the prompts to complete the
installation process." }, { "metadata": { "title": "Moon Flight System
Documentation", "id": "282093135", "source":
"https://moonflightsystem.com/docs/282093135" },  
#### 10 Relevant chunk ####
{'source': './Dataset/moon_flight_system_data_10k.json'}
"page_content": "Installation Instructions: Unzip the MFS-2024.1.zip file, run
the installer script with sudo privileges. Follow the prompts to complete the
installation process." }, { "metadata": { "title": "Moon Flight System
Documentation", "id": "282089160", "source":
"https://moonflightsystem.com/docs/282089160" },  
#### 11 Relevant chunk ####
{'source': './Dataset/moon_flight_system_data_10k.json'}
"page_content": "Installation Instructions: Unzip the MFS-2024.1.zip file, run
the installer script with sudo privileges. Follow the prompts to complete the
installation process." }, { "metadata": { "title": "Moon Flight System
Documentation", "id": "282093588", "source":
"https://moonflightsystem.com/docs/282093588" },

2024-09-20T15:48:01.745131+0300 DEBUG ystem_content=You are a useful assistant.
    You have data on the necessary docs in Confluence.
2024-09-20T15:48:05.111442+0300 DEBUG sgpt_request = 3.3693182468414307 sec
2024-09-20T15:48:05.111952+0300 DEBUG response=To install the Moon Flight System (MFS) release 2024.1, follow these main detailed steps:

### System Requirements:
To ensure a smooth installation and operation, your system should meet the following requirements:
- **Processor:** Quad-core
- **Memory:** 16GB RAM
- **Storage:** 250GB SSD
- **Connectivity:** Internet access

### Installation Instructions:
1. **Download the Installation Package:**
   - Locate and download the `MFS-2024.1.zip` file from the official Moon Flight System website or any authorized distribution channel.

2. **Unzip the Installation Package:**
   - Unzip the downloaded `MFS-2024.1.zip` file to a preferred directory on your system.

3. **Run the Installer Script:**
   - Open a terminal and navigate to the directory where you unzipped the files.
   - Execute the installer script with `sudo` privileges to ensure you have the necessary permissions for installation. You can do this by running:
     ```bash
     sudo ./install.sh
     ```

4. **Follow the Prompts:**
   - The installer will guide you through the remaining steps. Follow the on-screen prompts to complete the installation process.

### Documentation References:
For more detailed instructions and troubleshooting, you may refer to the following official documents:
- [API Reference](https://moonflightsystem.com/docs/282087173)
- [Moon Flight System Documentation](https://moonflightsystem.com/docs/282093724)

By following these steps, you should be able to successfully install Moon Flight System version 2024.1 on your machine.
